  Using bundled DotNet SDK
  Log file: C:\Users\SBAUser\AppData\Local\UnrealBuildTool\Log.txt
  Using 'git status' to determine working set for adaptive non-unity build (C:\Users\SBAUser\source\repos\bkhj17\UE\UnrealProjectGit\UnrealProject).
  Parsing headers for MyProject2Editor
    Running UnrealHeaderTool "C:\Users\SBAUser\source\repos\bkhj17\UE\UnrealProjectGit\UnrealProject\MyProject2\MyProject2.uproject" "C:\Users\SBAUser\source\repos\bkhj17\UE\UnrealProjectGit\UnrealProject\MyProject2\Intermediate\Build\Win64\MyProject2Editor\Development\MyProject2Editor.uhtmanifest" -LogCmds="loginit warning, logexit warning, logdatabase error" -Unattended -WarningsAsErrors -abslog="C:\Users\SBAUser\AppData\Local\UnrealBuildTool\Log_UHT.txt" -installed
  Reflection code generated for MyProject2Editor in 1.931794 seconds
  Building MyProject2Editor...
  Using Visual Studio 2022 14.36.32532 toolchain (C:\Program Files\Microsoft Visual Studio\2022\Community\VC\Tools\MSVC\14.36.32532) and Windows 10.0.18362.0 SDK (C:\Program Files (x86)\Windows Kits\10).
  Determining max actions to execute in parallel (12 physical cores, 20 logical cores)
    Executing up to 12 processes, one per physical core
    Requested 1.5 GB free memory per action, 7.25 GB available: limiting max parallel actions to 4
  Building 7 actions with 4 processes...
  [1/7] Compile LockOnHUD.gen.cpp
  [2/7] Compile TargetComponent.cpp
  [3/7] Compile Bot.cpp
  [4/7] Compile LockOnHUD.cpp
  [5/7] Link UnrealEditor-MyProject2.lib
     C:\Users\SBAUser\source\repos\bkhj17\UE\UnrealProjectGit\UnrealProject\MyProject2\Intermediate\Build\Win64\UnrealEditor\Development\MyProject2\UnrealEditor-MyProject2.lib 라이브러리 및 C:\Users\SBAUser\source\repos\bkhj17\UE\UnrealProjectGit\UnrealProject\MyProject2\Intermediate\Build\Win64\UnrealEditor\Development\MyProject2\UnrealEditor-MyProject2.exp 개체를 생성하고 있습니다.
  [6/7] Link UnrealEditor-MyProject2.dll
     C:\Users\SBAUser\source\repos\bkhj17\UE\UnrealProjectGit\UnrealProject\MyProject2\Intermediate\Build\Win64\UnrealEditor\Development\MyProject2\UnrealEditor-MyProject2.suppressed.lib 라이브러리 및 C:\Users\SBAUser\source\repos\bkhj17\UE\UnrealProjectGit\UnrealProject\MyProject2\Intermediate\Build\Win64\UnrealEditor\Development\MyProject2\UnrealEditor-MyProject2.suppressed.exp 개체를 생성하고 있습니다.
  [7/7] WriteMetadata MyProject2Editor.target
  Total time in Parallel executor: 8.04 seconds
  Total execution time: 11.00 seconds
